<?xml version="1.0" encoding="UTF-8"?>
<!-- Generated by org.testng.reporters.JUnitReportReporter -->
<testsuite skipped="0" hostname="Zeeshan" name="com.qa.Runner.TestRunner" tests="1" failures="0" timestamp="13 Apr 2020 09:11:34 GMT" time="0.057" errors="0">
  <testcase name="feature" time="0.057" classname="com.qa.Runner.TestRunner"/>
</testsuite> <!-- com.qa.Runner.TestRunner -->
